Determining if the pthread_create exist failed with the following output:
Change Dir: /root/thunder-trade-zpquant/CMakeFiles/CMakeTmp

Run Build Command:"/usr/bin/gmake" "cmTC_945d8/fast"
/usr/bin/gmake -f CMakeFiles/cmTC_945d8.dir/build.make CMakeFiles/cmTC_945d8.dir/build
gmake[1]: Entering directory `/root/thunder-trade-zpquant/CMakeFiles/CMakeTmp'
Building C object CMakeFiles/cmTC_945d8.dir/CheckSymbolExists.c.o
/opt/gcc720/bin/cc   -g    -o CMakeFiles/cmTC_945d8.dir/CheckSymbolExists.c.o   -c /root/thunder-trade-zpquant/CMakeFiles/CMakeTmp/CheckSymbolExists.c
Linking C executable cmTC_945d8
/usr/local/bin/cmake -E cmake_link_script CMakeFiles/cmTC_945d8.dir/link.txt --verbose=1
/opt/gcc720/bin/cc  -g     -rdynamic CMakeFiles/cmTC_945d8.dir/CheckSymbolExists.c.o  -o cmTC_945d8 
CMakeFiles/cmTC_945d8.dir/CheckSymbolExists.c.o: In function `main':
CheckSymbolExists.c:(.text+0x16): undefined reference to `pthread_create'
collect2: error: ld returned 1 exit status
gmake[1]: *** [cmTC_945d8] Error 1
gmake[1]: Leaving directory `/root/thunder-trade-zpquant/CMakeFiles/CMakeTmp'
gmake: *** [cmTC_945d8/fast] Error 2

File /root/thunder-trade-zpquant/CMakeFiles/CMakeTmp/CheckSymbolExists.c:
/* */
#include <pthread.h>

int main(int argc, char** argv)
{
  (void)argv;
#ifndef pthread_create
  return ((int*)(&pthread_create))[argc];
#else
  (void)argc;
  return 0;
#endif
}

Determining if the function pthread_create exists in the pthreads failed with the following output:
Change Dir: /root/thunder-trade-zpquant/CMakeFiles/CMakeTmp

Run Build Command:"/usr/bin/gmake" "cmTC_e7a4d/fast"
/usr/bin/gmake -f CMakeFiles/cmTC_e7a4d.dir/build.make CMakeFiles/cmTC_e7a4d.dir/build
gmake[1]: Entering directory `/root/thunder-trade-zpquant/CMakeFiles/CMakeTmp'
Building C object CMakeFiles/cmTC_e7a4d.dir/CheckFunctionExists.c.o
/opt/gcc720/bin/cc   -g -DCHECK_FUNCTION_EXISTS=pthread_create   -o CMakeFiles/cmTC_e7a4d.dir/CheckFunctionExists.c.o   -c /usr/local/share/cmake-3.10/Modules/CheckFunctionExists.c
Linking C executable cmTC_e7a4d
/usr/local/bin/cmake -E cmake_link_script CMakeFiles/cmTC_e7a4d.dir/link.txt --verbose=1
/opt/gcc720/bin/cc  -g -DCHECK_FUNCTION_EXISTS=pthread_create    -rdynamic CMakeFiles/cmTC_e7a4d.dir/CheckFunctionExists.c.o  -o cmTC_e7a4d -lpthreads 
/usr/bin/ld: cannot find -lpthreads
collect2: error: ld returned 1 exit status
gmake[1]: *** [cmTC_e7a4d] Error 1
gmake[1]: Leaving directory `/root/thunder-trade-zpquant/CMakeFiles/CMakeTmp'
gmake: *** [cmTC_e7a4d/fast] Error 2


