The system is: Linux - 2.6.32-696.6.3.el6.x86_64 - x86_64
Compiling the C compiler identification source file "CMakeCCompilerId.c" succeeded.
Compiler: /opt/gcc720/bin/cc 
Build flags: 
Id flags:  

The output was:
0


Compilation of the C compiler identification source "CMakeCCompilerId.c" produced "a.out"

The C compiler identification is GNU, found in "/root/thunder-trade-zpquant/CMakeFiles/3.10.2/CompilerIdC/a.out"

Compiling the CXX compiler identification source file "CMakeCXXCompilerId.cpp" succeeded.
Compiler: /opt/gcc720/bin/c++ 
Build flags: 
Id flags:  

The output was:
0


Compilation of the CXX compiler identification source "CMakeCXXCompilerId.cpp" produced "a.out"

The CXX compiler identification is GNU, found in "/root/thunder-trade-zpquant/CMakeFiles/3.10.2/CompilerIdCXX/a.out"

Determining if the C compiler works passed with the following output:
Change Dir: /root/thunder-trade-zpquant/CMakeFiles/CMakeTmp

Run Build Command:"/usr/bin/gmake" "cmTC_d16e2/fast"
/usr/bin/gmake -f CMakeFiles/cmTC_d16e2.dir/build.make CMakeFiles/cmTC_d16e2.dir/build
gmake[1]: Entering directory `/root/thunder-trade-zpquant/CMakeFiles/CMakeTmp'
Building C object CMakeFiles/cmTC_d16e2.dir/testCCompiler.c.o
/opt/gcc720/bin/cc    -o CMakeFiles/cmTC_d16e2.dir/testCCompiler.c.o   -c /root/thunder-trade-zpquant/CMakeFiles/CMakeTmp/testCCompiler.c
Linking C executable cmTC_d16e2
/usr/local/bin/cmake -E cmake_link_script CMakeFiles/cmTC_d16e2.dir/link.txt --verbose=1
/opt/gcc720/bin/cc      -rdynamic CMakeFiles/cmTC_d16e2.dir/testCCompiler.c.o  -o cmTC_d16e2 
gmake[1]: Leaving directory `/root/thunder-trade-zpquant/CMakeFiles/CMakeTmp'


Detecting C compiler ABI info compiled with the following output:
Change Dir: /root/thunder-trade-zpquant/CMakeFiles/CMakeTmp

Run Build Command:"/usr/bin/gmake" "cmTC_77b34/fast"
/usr/bin/gmake -f CMakeFiles/cmTC_77b34.dir/build.make CMakeFiles/cmTC_77b34.dir/build
gmake[1]: Entering directory `/root/thunder-trade-zpquant/CMakeFiles/CMakeTmp'
Building C object CMakeFiles/cmTC_77b34.dir/CMakeCCompilerABI.c.o
/opt/gcc720/bin/cc    -o CMakeFiles/cmTC_77b34.dir/CMakeCCompilerABI.c.o   -c /usr/local/share/cmake-3.10/Modules/CMakeCCompilerABI.c
Linking C executable cmTC_77b34
/usr/local/bin/cmake -E cmake_link_script CMakeFiles/cmTC_77b34.dir/link.txt --verbose=1
/opt/gcc720/bin/cc     -v -rdynamic CMakeFiles/cmTC_77b34.dir/CMakeCCompilerABI.c.o  -o cmTC_77b34 
Using built-in specs.
COLLECT_GCC=/opt/gcc720/bin/cc
COLLECT_LTO_WRAPPER=/opt/gcc720/libexec/gcc/x86_64-pc-linux-gnu/7.2.0/lto-wrapper
Target: x86_64-pc-linux-gnu
Configured with: ../gcc-7.2.0/configure --enable-checking=release --enable-languages=c,c++ --disable-multilib --prefix=/opt/gcc720
Thread model: posix
gcc version 7.2.0 (GCC) 
COMPILER_PATH=/opt/gcc720/libexec/gcc/x86_64-pc-linux-gnu/7.2.0/:/opt/gcc720/libexec/gcc/x86_64-pc-linux-gnu/7.2.0/:/opt/gcc720/libexec/gcc/x86_64-pc-linux-gnu/:/opt/gcc720/lib/gcc/x86_64-pc-linux-gnu/7.2.0/:/opt/gcc720/lib/gcc/x86_64-pc-linux-gnu/
LIBRARY_PATH=/opt/gcc720/lib/gcc/x86_64-pc-linux-gnu/7.2.0/:/opt/gcc720/lib/gcc/x86_64-pc-linux-gnu/7.2.0/../../../../lib64/:/lib/../lib64/:/usr/lib/../lib64/:/opt/gcc720/lib/gcc/x86_64-pc-linux-gnu/7.2.0/../../../:/lib/:/usr/lib/
COLLECT_GCC_OPTIONS='-v' '-rdynamic' '-o' 'cmTC_77b34' '-mtune=generic' '-march=x86-64'
 /opt/gcc720/libexec/gcc/x86_64-pc-linux-gnu/7.2.0/collect2 --eh-frame-hdr -m elf_x86_64 -export-dynamic -dynamic-linker /lib64/ld-linux-x86-64.so.2 -o cmTC_77b34 /usr/lib/../lib64/crt1.o /usr/lib/../lib64/crti.o /opt/gcc720/lib/gcc/x86_64-pc-linux-gnu/7.2.0/crtbegin.o -L/opt/gcc720/lib/gcc/x86_64-pc-linux-gnu/7.2.0 -L/opt/gcc720/lib/gcc/x86_64-pc-linux-gnu/7.2.0/../../../../lib64 -L/lib/../lib64 -L/usr/lib/../lib64 -L/opt/gcc720/lib/gcc/x86_64-pc-linux-gnu/7.2.0/../../.. CMakeFiles/cmTC_77b34.dir/CMakeCCompilerABI.c.o -lgcc --as-needed -lgcc_s --no-as-needed -lc -lgcc --as-needed -lgcc_s --no-as-needed /opt/gcc720/lib/gcc/x86_64-pc-linux-gnu/7.2.0/crtend.o /usr/lib/../lib64/crtn.o
COLLECT_GCC_OPTIONS='-v' '-rdynamic' '-o' 'cmTC_77b34' '-mtune=generic' '-march=x86-64'
gmake[1]: Leaving directory `/root/thunder-trade-zpquant/CMakeFiles/CMakeTmp'


Parsed C implicit link information from above output:
  link line regex: [^( *|.*[/\])(ld|CMAKE_LINK_STARTFILE-NOTFOUND|([^/\]+-)?ld|collect2)[^/\]*( |$)]
  ignore line: [Change Dir: /root/thunder-trade-zpquant/CMakeFiles/CMakeTmp]
  ignore line: []
  ignore line: [Run Build Command:"/usr/bin/gmake" "cmTC_77b34/fast"]
  ignore line: [/usr/bin/gmake -f CMakeFiles/cmTC_77b34.dir/build.make CMakeFiles/cmTC_77b34.dir/build]
  ignore line: [gmake[1]: Entering directory `/root/thunder-trade-zpquant/CMakeFiles/CMakeTmp']
  ignore line: [Building C object CMakeFiles/cmTC_77b34.dir/CMakeCCompilerABI.c.o]
  ignore line: [/opt/gcc720/bin/cc    -o CMakeFiles/cmTC_77b34.dir/CMakeCCompilerABI.c.o   -c /usr/local/share/cmake-3.10/Modules/CMakeCCompilerABI.c]
  ignore line: [Linking C executable cmTC_77b34]
  ignore line: [/usr/local/bin/cmake -E cmake_link_script CMakeFiles/cmTC_77b34.dir/link.txt --verbose=1]
  ignore line: [/opt/gcc720/bin/cc     -v -rdynamic CMakeFiles/cmTC_77b34.dir/CMakeCCompilerABI.c.o  -o cmTC_77b34 ]
  ignore line: [Using built-in specs.]
  ignore line: [COLLECT_GCC=/opt/gcc720/bin/cc]
  ignore line: [COLLECT_LTO_WRAPPER=/opt/gcc720/libexec/gcc/x86_64-pc-linux-gnu/7.2.0/lto-wrapper]
  ignore line: [Target: x86_64-pc-linux-gnu]
  ignore line: [Configured with: ../gcc-7.2.0/configure --enable-checking=release --enable-languages=c,c++ --disable-multilib --prefix=/opt/gcc720]
  ignore line: [Thread model: posix]
  ignore line: [gcc version 7.2.0 (GCC) ]
  ignore line: [COMPILER_PATH=/opt/gcc720/libexec/gcc/x86_64-pc-linux-gnu/7.2.0/:/opt/gcc720/libexec/gcc/x86_64-pc-linux-gnu/7.2.0/:/opt/gcc720/libexec/gcc/x86_64-pc-linux-gnu/:/opt/gcc720/lib/gcc/x86_64-pc-linux-gnu/7.2.0/:/opt/gcc720/lib/gcc/x86_64-pc-linux-gnu/]
  ignore line: [LIBRARY_PATH=/opt/gcc720/lib/gcc/x86_64-pc-linux-gnu/7.2.0/:/opt/gcc720/lib/gcc/x86_64-pc-linux-gnu/7.2.0/../../../../lib64/:/lib/../lib64/:/usr/lib/../lib64/:/opt/gcc720/lib/gcc/x86_64-pc-linux-gnu/7.2.0/../../../:/lib/:/usr/lib/]
  ignore line: [COLLECT_GCC_OPTIONS='-v' '-rdynamic' '-o' 'cmTC_77b34' '-mtune=generic' '-march=x86-64']
  link line: [ /opt/gcc720/libexec/gcc/x86_64-pc-linux-gnu/7.2.0/collect2 --eh-frame-hdr -m elf_x86_64 -export-dynamic -dynamic-linker /lib64/ld-linux-x86-64.so.2 -o cmTC_77b34 /usr/lib/../lib64/crt1.o /usr/lib/../lib64/crti.o /opt/gcc720/lib/gcc/x86_64-pc-linux-gnu/7.2.0/crtbegin.o -L/opt/gcc720/lib/gcc/x86_64-pc-linux-gnu/7.2.0 -L/opt/gcc720/lib/gcc/x86_64-pc-linux-gnu/7.2.0/../../../../lib64 -L/lib/../lib64 -L/usr/lib/../lib64 -L/opt/gcc720/lib/gcc/x86_64-pc-linux-gnu/7.2.0/../../.. CMakeFiles/cmTC_77b34.dir/CMakeCCompilerABI.c.o -lgcc --as-needed -lgcc_s --no-as-needed -lc -lgcc --as-needed -lgcc_s --no-as-needed /opt/gcc720/lib/gcc/x86_64-pc-linux-gnu/7.2.0/crtend.o /usr/lib/../lib64/crtn.o]
    arg [/opt/gcc720/libexec/gcc/x86_64-pc-linux-gnu/7.2.0/collect2] ==> ignore
    arg [--eh-frame-hdr] ==> ignore
    arg [-m] ==> ignore
    arg [elf_x86_64] ==> ignore
    arg [-export-dynamic] ==> ignore
    arg [-dynamic-linker] ==> ignore
    arg [/lib64/ld-linux-x86-64.so.2] ==> ignore
    arg [-o] ==> ignore
    arg [cmTC_77b34] ==> ignore
    arg [/usr/lib/../lib64/crt1.o] ==> ignore
    arg [/usr/lib/../lib64/crti.o] ==> ignore
    arg [/opt/gcc720/lib/gcc/x86_64-pc-linux-gnu/7.2.0/crtbegin.o] ==> ignore
    arg [-L/opt/gcc720/lib/gcc/x86_64-pc-linux-gnu/7.2.0] ==> dir [/opt/gcc720/lib/gcc/x86_64-pc-linux-gnu/7.2.0]
    arg [-L/opt/gcc720/lib/gcc/x86_64-pc-linux-gnu/7.2.0/../../../../lib64] ==> dir [/opt/gcc720/lib/gcc/x86_64-pc-linux-gnu/7.2.0/../../../../lib64]
    arg [-L/lib/../lib64] ==> dir [/lib/../lib64]
    arg [-L/usr/lib/../lib64] ==> dir [/usr/lib/../lib64]
    arg [-L/opt/gcc720/lib/gcc/x86_64-pc-linux-gnu/7.2.0/../../..] ==> dir [/opt/gcc720/lib/gcc/x86_64-pc-linux-gnu/7.2.0/../../..]
    arg [CMakeFiles/cmTC_77b34.dir/CMakeCCompilerABI.c.o] ==> ignore
    arg [-lgcc] ==> lib [gcc]
    arg [--as-needed] ==> ignore
    arg [-lgcc_s] ==> lib [gcc_s]
    arg [--no-as-needed] ==> ignore
    arg [-lc] ==> lib [c]
    arg [-lgcc] ==> lib [gcc]
    arg [--as-needed] ==> ignore
    arg [-lgcc_s] ==> lib [gcc_s]
    arg [--no-as-needed] ==> ignore
    arg [/opt/gcc720/lib/gcc/x86_64-pc-linux-gnu/7.2.0/crtend.o] ==> ignore
    arg [/usr/lib/../lib64/crtn.o] ==> ignore
  collapse library dir [/opt/gcc720/lib/gcc/x86_64-pc-linux-gnu/7.2.0] ==> [/opt/gcc720/lib/gcc/x86_64-pc-linux-gnu/7.2.0]
  collapse library dir [/opt/gcc720/lib/gcc/x86_64-pc-linux-gnu/7.2.0/../../../../lib64] ==> [/opt/gcc720/lib64]
  collapse library dir [/lib/../lib64] ==> [/lib64]
  collapse library dir [/usr/lib/../lib64] ==> [/usr/lib64]
  collapse library dir [/opt/gcc720/lib/gcc/x86_64-pc-linux-gnu/7.2.0/../../..] ==> [/opt/gcc720/lib]
  implicit libs: [gcc;gcc_s;c;gcc;gcc_s]
  implicit dirs: [/opt/gcc720/lib/gcc/x86_64-pc-linux-gnu/7.2.0;/opt/gcc720/lib64;/lib64;/usr/lib64;/opt/gcc720/lib]
  implicit fwks: []




Detecting C [-std=c11] compiler features compiled with the following output:
Change Dir: /root/thunder-trade-zpquant/CMakeFiles/CMakeTmp

Run Build Command:"/usr/bin/gmake" "cmTC_56a3b/fast"
/usr/bin/gmake -f CMakeFiles/cmTC_56a3b.dir/build.make CMakeFiles/cmTC_56a3b.dir/build
gmake[1]: Entering directory `/root/thunder-trade-zpquant/CMakeFiles/CMakeTmp'
Building C object CMakeFiles/cmTC_56a3b.dir/feature_tests.c.o
/opt/gcc720/bin/cc   -std=c11 -o CMakeFiles/cmTC_56a3b.dir/feature_tests.c.o   -c /root/thunder-trade-zpquant/CMakeFiles/feature_tests.c
Linking C executable cmTC_56a3b
/usr/local/bin/cmake -E cmake_link_script CMakeFiles/cmTC_56a3b.dir/link.txt --verbose=1
/opt/gcc720/bin/cc      -rdynamic CMakeFiles/cmTC_56a3b.dir/feature_tests.c.o  -o cmTC_56a3b 
gmake[1]: Leaving directory `/root/thunder-trade-zpquant/CMakeFiles/CMakeTmp'


    Feature record: C_FEATURE:1c_function_prototypes
    Feature record: C_FEATURE:1c_restrict
    Feature record: C_FEATURE:1c_static_assert
    Feature record: C_FEATURE:1c_variadic_macros


Detecting C [-std=c99] compiler features compiled with the following output:
Change Dir: /root/thunder-trade-zpquant/CMakeFiles/CMakeTmp

Run Build Command:"/usr/bin/gmake" "cmTC_dab16/fast"
/usr/bin/gmake -f CMakeFiles/cmTC_dab16.dir/build.make CMakeFiles/cmTC_dab16.dir/build
gmake[1]: Entering directory `/root/thunder-trade-zpquant/CMakeFiles/CMakeTmp'
Building C object CMakeFiles/cmTC_dab16.dir/feature_tests.c.o
/opt/gcc720/bin/cc   -std=c99 -o CMakeFiles/cmTC_dab16.dir/feature_tests.c.o   -c /root/thunder-trade-zpquant/CMakeFiles/feature_tests.c
Linking C executable cmTC_dab16
/usr/local/bin/cmake -E cmake_link_script CMakeFiles/cmTC_dab16.dir/link.txt --verbose=1
/opt/gcc720/bin/cc      -rdynamic CMakeFiles/cmTC_dab16.dir/feature_tests.c.o  -o cmTC_dab16 
gmake[1]: Leaving directory `/root/thunder-trade-zpquant/CMakeFiles/CMakeTmp'


    Feature record: C_FEATURE:1c_function_prototypes
    Feature record: C_FEATURE:1c_restrict
    Feature record: C_FEATURE:0c_static_assert
    Feature record: C_FEATURE:1c_variadic_macros


Detecting C [-std=c90] compiler features compiled with the following output:
Change Dir: /root/thunder-trade-zpquant/CMakeFiles/CMakeTmp

Run Build Command:"/usr/bin/gmake" "cmTC_cad33/fast"
/usr/bin/gmake -f CMakeFiles/cmTC_cad33.dir/build.make CMakeFiles/cmTC_cad33.dir/build
gmake[1]: Entering directory `/root/thunder-trade-zpquant/CMakeFiles/CMakeTmp'
Building C object CMakeFiles/cmTC_cad33.dir/feature_tests.c.o
/opt/gcc720/bin/cc   -std=c90 -o CMakeFiles/cmTC_cad33.dir/feature_tests.c.o   -c /root/thunder-trade-zpquant/CMakeFiles/feature_tests.c
Linking C executable cmTC_cad33
/usr/local/bin/cmake -E cmake_link_script CMakeFiles/cmTC_cad33.dir/link.txt --verbose=1
/opt/gcc720/bin/cc      -rdynamic CMakeFiles/cmTC_cad33.dir/feature_tests.c.o  -o cmTC_cad33 
gmake[1]: Leaving directory `/root/thunder-trade-zpquant/CMakeFiles/CMakeTmp'


    Feature record: C_FEATURE:1c_function_prototypes
    Feature record: C_FEATURE:0c_restrict
    Feature record: C_FEATURE:0c_static_assert
    Feature record: C_FEATURE:0c_variadic_macros
Determining if the CXX compiler works passed with the following output:
Change Dir: /root/thunder-trade-zpquant/CMakeFiles/CMakeTmp

Run Build Command:"/usr/bin/gmake" "cmTC_82468/fast"
/usr/bin/gmake -f CMakeFiles/cmTC_82468.dir/build.make CMakeFiles/cmTC_82468.dir/build
gmake[1]: Entering directory `/root/thunder-trade-zpquant/CMakeFiles/CMakeTmp'
Building CXX object CMakeFiles/cmTC_82468.dir/testCXXCompiler.cxx.o
/opt/gcc720/bin/c++     -o CMakeFiles/cmTC_82468.dir/testCXXCompiler.cxx.o -c /root/thunder-trade-zpquant/CMakeFiles/CMakeTmp/testCXXCompiler.cxx
Linking CXX executable cmTC_82468
/usr/local/bin/cmake -E cmake_link_script CMakeFiles/cmTC_82468.dir/link.txt --verbose=1
/opt/gcc720/bin/c++       -rdynamic CMakeFiles/cmTC_82468.dir/testCXXCompiler.cxx.o  -o cmTC_82468 
gmake[1]: Leaving directory `/root/thunder-trade-zpquant/CMakeFiles/CMakeTmp'


Detecting CXX compiler ABI info compiled with the following output:
Change Dir: /root/thunder-trade-zpquant/CMakeFiles/CMakeTmp

Run Build Command:"/usr/bin/gmake" "cmTC_888e7/fast"
/usr/bin/gmake -f CMakeFiles/cmTC_888e7.dir/build.make CMakeFiles/cmTC_888e7.dir/build
gmake[1]: Entering directory `/root/thunder-trade-zpquant/CMakeFiles/CMakeTmp'
Building CXX object CMakeFiles/cmTC_888e7.dir/CMakeCXXCompilerABI.cpp.o
/opt/gcc720/bin/c++     -o CMakeFiles/cmTC_888e7.dir/CMakeCXXCompilerABI.cpp.o -c /usr/local/share/cmake-3.10/Modules/CMakeCXXCompilerABI.cpp
Linking CXX executable cmTC_888e7
/usr/local/bin/cmake -E cmake_link_script CMakeFiles/cmTC_888e7.dir/link.txt --verbose=1
/opt/gcc720/bin/c++      -v -rdynamic CMakeFiles/cmTC_888e7.dir/CMakeCXXCompilerABI.cpp.o  -o cmTC_888e7 
Using built-in specs.
COLLECT_GCC=/opt/gcc720/bin/c++
COLLECT_LTO_WRAPPER=/opt/gcc720/libexec/gcc/x86_64-pc-linux-gnu/7.2.0/lto-wrapper
Target: x86_64-pc-linux-gnu
Configured with: ../gcc-7.2.0/configure --enable-checking=release --enable-languages=c,c++ --disable-multilib --prefix=/opt/gcc720
Thread model: posix
gcc version 7.2.0 (GCC) 
COMPILER_PATH=/opt/gcc720/libexec/gcc/x86_64-pc-linux-gnu/7.2.0/:/opt/gcc720/libexec/gcc/x86_64-pc-linux-gnu/7.2.0/:/opt/gcc720/libexec/gcc/x86_64-pc-linux-gnu/:/opt/gcc720/lib/gcc/x86_64-pc-linux-gnu/7.2.0/:/opt/gcc720/lib/gcc/x86_64-pc-linux-gnu/
LIBRARY_PATH=/opt/gcc720/lib/gcc/x86_64-pc-linux-gnu/7.2.0/:/opt/gcc720/lib/gcc/x86_64-pc-linux-gnu/7.2.0/../../../../lib64/:/lib/../lib64/:/usr/lib/../lib64/:/opt/gcc720/lib/gcc/x86_64-pc-linux-gnu/7.2.0/../../../:/lib/:/usr/lib/
COLLECT_GCC_OPTIONS='-v' '-rdynamic' '-o' 'cmTC_888e7' '-shared-libgcc' '-mtune=generic' '-march=x86-64'
 /opt/gcc720/libexec/gcc/x86_64-pc-linux-gnu/7.2.0/collect2 --eh-frame-hdr -m elf_x86_64 -export-dynamic -dynamic-linker /lib64/ld-linux-x86-64.so.2 -o cmTC_888e7 /usr/lib/../lib64/crt1.o /usr/lib/../lib64/crti.o /opt/gcc720/lib/gcc/x86_64-pc-linux-gnu/7.2.0/crtbegin.o -L/opt/gcc720/lib/gcc/x86_64-pc-linux-gnu/7.2.0 -L/opt/gcc720/lib/gcc/x86_64-pc-linux-gnu/7.2.0/../../../../lib64 -L/lib/../lib64 -L/usr/lib/../lib64 -L/opt/gcc720/lib/gcc/x86_64-pc-linux-gnu/7.2.0/../../.. CMakeFiles/cmTC_888e7.dir/CMakeCXXCompilerABI.cpp.o -lstdc++ -lm -lgcc_s -lgcc -lc -lgcc_s -lgcc /opt/gcc720/lib/gcc/x86_64-pc-linux-gnu/7.2.0/crtend.o /usr/lib/../lib64/crtn.o
COLLECT_GCC_OPTIONS='-v' '-rdynamic' '-o' 'cmTC_888e7' '-shared-libgcc' '-mtune=generic' '-march=x86-64'
gmake[1]: Leaving directory `/root/thunder-trade-zpquant/CMakeFiles/CMakeTmp'


Parsed CXX implicit link information from above output:
  link line regex: [^( *|.*[/\])(ld|CMAKE_LINK_STARTFILE-NOTFOUND|([^/\]+-)?ld|collect2)[^/\]*( |$)]
  ignore line: [Change Dir: /root/thunder-trade-zpquant/CMakeFiles/CMakeTmp]
  ignore line: []
  ignore line: [Run Build Command:"/usr/bin/gmake" "cmTC_888e7/fast"]
  ignore line: [/usr/bin/gmake -f CMakeFiles/cmTC_888e7.dir/build.make CMakeFiles/cmTC_888e7.dir/build]
  ignore line: [gmake[1]: Entering directory `/root/thunder-trade-zpquant/CMakeFiles/CMakeTmp']
  ignore line: [Building CXX object CMakeFiles/cmTC_888e7.dir/CMakeCXXCompilerABI.cpp.o]
  ignore line: [/opt/gcc720/bin/c++     -o CMakeFiles/cmTC_888e7.dir/CMakeCXXCompilerABI.cpp.o -c /usr/local/share/cmake-3.10/Modules/CMakeCXXCompilerABI.cpp]
  ignore line: [Linking CXX executable cmTC_888e7]
  ignore line: [/usr/local/bin/cmake -E cmake_link_script CMakeFiles/cmTC_888e7.dir/link.txt --verbose=1]
  ignore line: [/opt/gcc720/bin/c++      -v -rdynamic CMakeFiles/cmTC_888e7.dir/CMakeCXXCompilerABI.cpp.o  -o cmTC_888e7 ]
  ignore line: [Using built-in specs.]
  ignore line: [COLLECT_GCC=/opt/gcc720/bin/c++]
  ignore line: [COLLECT_LTO_WRAPPER=/opt/gcc720/libexec/gcc/x86_64-pc-linux-gnu/7.2.0/lto-wrapper]
  ignore line: [Target: x86_64-pc-linux-gnu]
  ignore line: [Configured with: ../gcc-7.2.0/configure --enable-checking=release --enable-languages=c,c++ --disable-multilib --prefix=/opt/gcc720]
  ignore line: [Thread model: posix]
  ignore line: [gcc version 7.2.0 (GCC) ]
  ignore line: [COMPILER_PATH=/opt/gcc720/libexec/gcc/x86_64-pc-linux-gnu/7.2.0/:/opt/gcc720/libexec/gcc/x86_64-pc-linux-gnu/7.2.0/:/opt/gcc720/libexec/gcc/x86_64-pc-linux-gnu/:/opt/gcc720/lib/gcc/x86_64-pc-linux-gnu/7.2.0/:/opt/gcc720/lib/gcc/x86_64-pc-linux-gnu/]
  ignore line: [LIBRARY_PATH=/opt/gcc720/lib/gcc/x86_64-pc-linux-gnu/7.2.0/:/opt/gcc720/lib/gcc/x86_64-pc-linux-gnu/7.2.0/../../../../lib64/:/lib/../lib64/:/usr/lib/../lib64/:/opt/gcc720/lib/gcc/x86_64-pc-linux-gnu/7.2.0/../../../:/lib/:/usr/lib/]
  ignore line: [COLLECT_GCC_OPTIONS='-v' '-rdynamic' '-o' 'cmTC_888e7' '-shared-libgcc' '-mtune=generic' '-march=x86-64']
  link line: [ /opt/gcc720/libexec/gcc/x86_64-pc-linux-gnu/7.2.0/collect2 --eh-frame-hdr -m elf_x86_64 -export-dynamic -dynamic-linker /lib64/ld-linux-x86-64.so.2 -o cmTC_888e7 /usr/lib/../lib64/crt1.o /usr/lib/../lib64/crti.o /opt/gcc720/lib/gcc/x86_64-pc-linux-gnu/7.2.0/crtbegin.o -L/opt/gcc720/lib/gcc/x86_64-pc-linux-gnu/7.2.0 -L/opt/gcc720/lib/gcc/x86_64-pc-linux-gnu/7.2.0/../../../../lib64 -L/lib/../lib64 -L/usr/lib/../lib64 -L/opt/gcc720/lib/gcc/x86_64-pc-linux-gnu/7.2.0/../../.. CMakeFiles/cmTC_888e7.dir/CMakeCXXCompilerABI.cpp.o -lstdc++ -lm -lgcc_s -lgcc -lc -lgcc_s -lgcc /opt/gcc720/lib/gcc/x86_64-pc-linux-gnu/7.2.0/crtend.o /usr/lib/../lib64/crtn.o]
    arg [/opt/gcc720/libexec/gcc/x86_64-pc-linux-gnu/7.2.0/collect2] ==> ignore
    arg [--eh-frame-hdr] ==> ignore
    arg [-m] ==> ignore
    arg [elf_x86_64] ==> ignore
    arg [-export-dynamic] ==> ignore
    arg [-dynamic-linker] ==> ignore
    arg [/lib64/ld-linux-x86-64.so.2] ==> ignore
    arg [-o] ==> ignore
    arg [cmTC_888e7] ==> ignore
    arg [/usr/lib/../lib64/crt1.o] ==> ignore
    arg [/usr/lib/../lib64/crti.o] ==> ignore
    arg [/opt/gcc720/lib/gcc/x86_64-pc-linux-gnu/7.2.0/crtbegin.o] ==> ignore
    arg [-L/opt/gcc720/lib/gcc/x86_64-pc-linux-gnu/7.2.0] ==> dir [/opt/gcc720/lib/gcc/x86_64-pc-linux-gnu/7.2.0]
    arg [-L/opt/gcc720/lib/gcc/x86_64-pc-linux-gnu/7.2.0/../../../../lib64] ==> dir [/opt/gcc720/lib/gcc/x86_64-pc-linux-gnu/7.2.0/../../../../lib64]
    arg [-L/lib/../lib64] ==> dir [/lib/../lib64]
    arg [-L/usr/lib/../lib64] ==> dir [/usr/lib/../lib64]
    arg [-L/opt/gcc720/lib/gcc/x86_64-pc-linux-gnu/7.2.0/../../..] ==> dir [/opt/gcc720/lib/gcc/x86_64-pc-linux-gnu/7.2.0/../../..]
    arg [CMakeFiles/cmTC_888e7.dir/CMakeCXXCompilerABI.cpp.o] ==> ignore
    arg [-lstdc++] ==> lib [stdc++]
    arg [-lm] ==> lib [m]
    arg [-lgcc_s] ==> lib [gcc_s]
    arg [-lgcc] ==> lib [gcc]
    arg [-lc] ==> lib [c]
    arg [-lgcc_s] ==> lib [gcc_s]
    arg [-lgcc] ==> lib [gcc]
    arg [/opt/gcc720/lib/gcc/x86_64-pc-linux-gnu/7.2.0/crtend.o] ==> ignore
    arg [/usr/lib/../lib64/crtn.o] ==> ignore
  collapse library dir [/opt/gcc720/lib/gcc/x86_64-pc-linux-gnu/7.2.0] ==> [/opt/gcc720/lib/gcc/x86_64-pc-linux-gnu/7.2.0]
  collapse library dir [/opt/gcc720/lib/gcc/x86_64-pc-linux-gnu/7.2.0/../../../../lib64] ==> [/opt/gcc720/lib64]
  collapse library dir [/lib/../lib64] ==> [/lib64]
  collapse library dir [/usr/lib/../lib64] ==> [/usr/lib64]
  collapse library dir [/opt/gcc720/lib/gcc/x86_64-pc-linux-gnu/7.2.0/../../..] ==> [/opt/gcc720/lib]
  implicit libs: [stdc++;m;gcc_s;gcc;c;gcc_s;gcc]
  implicit dirs: [/opt/gcc720/lib/gcc/x86_64-pc-linux-gnu/7.2.0;/opt/gcc720/lib64;/lib64;/usr/lib64;/opt/gcc720/lib]
  implicit fwks: []




Detecting CXX [-std=c++1z] compiler features compiled with the following output:
Change Dir: /root/thunder-trade-zpquant/CMakeFiles/CMakeTmp

Run Build Command:"/usr/bin/gmake" "cmTC_a24b6/fast"
/usr/bin/gmake -f CMakeFiles/cmTC_a24b6.dir/build.make CMakeFiles/cmTC_a24b6.dir/build
gmake[1]: Entering directory `/root/thunder-trade-zpquant/CMakeFiles/CMakeTmp'
Building CXX object CMakeFiles/cmTC_a24b6.dir/feature_tests.cxx.o
/opt/gcc720/bin/c++    -std=c++1z -o CMakeFiles/cmTC_a24b6.dir/feature_tests.cxx.o -c /root/thunder-trade-zpquant/CMakeFiles/feature_tests.cxx
Linking CXX executable cmTC_a24b6
/usr/local/bin/cmake -E cmake_link_script CMakeFiles/cmTC_a24b6.dir/link.txt --verbose=1
/opt/gcc720/bin/c++       -rdynamic CMakeFiles/cmTC_a24b6.dir/feature_tests.cxx.o  -o cmTC_a24b6 
gmake[1]: Leaving directory `/root/thunder-trade-zpquant/CMakeFiles/CMakeTmp'


    Feature record: CXX_FEATURE:1cxx_aggregate_default_initializers
    Feature record: CXX_FEATURE:1cxx_alias_templates
    Feature record: CXX_FEATURE:1cxx_alignas
    Feature record: CXX_FEATURE:1cxx_alignof
    Feature record: CXX_FEATURE:1cxx_attributes
    Feature record: CXX_FEATURE:1cxx_attribute_deprecated
    Feature record: CXX_FEATURE:1cxx_auto_type
    Feature record: CXX_FEATURE:1cxx_binary_literals
    Feature record: CXX_FEATURE:1cxx_constexpr
    Feature record: CXX_FEATURE:1cxx_contextual_conversions
    Feature record: CXX_FEATURE:1cxx_decltype
    Feature record: CXX_FEATURE:1cxx_decltype_auto
    Feature record: CXX_FEATURE:1cxx_decltype_incomplete_return_types
    Feature record: CXX_FEATURE:1cxx_default_function_template_args
    Feature record: CXX_FEATURE:1cxx_defaulted_functions
    Feature record: CXX_FEATURE:1cxx_defaulted_move_initializers
    Feature record: CXX_FEATURE:1cxx_delegating_constructors
    Feature record: CXX_FEATURE:1cxx_deleted_functions
    Feature record: CXX_FEATURE:1cxx_digit_separators
    Feature record: CXX_FEATURE:1cxx_enum_forward_declarations
    Feature record: CXX_FEATURE:1cxx_explicit_conversions
    Feature record: CXX_FEATURE:1cxx_extended_friend_declarations
    Feature record: CXX_FEATURE:1cxx_extern_templates
    Feature record: CXX_FEATURE:1cxx_final
    Feature record: CXX_FEATURE:1cxx_func_identifier
    Feature record: CXX_FEATURE:1cxx_generalized_initializers
    Feature record: CXX_FEATURE:1cxx_generic_lambdas
    Feature record: CXX_FEATURE:1cxx_inheriting_constructors
    Feature record: CXX_FEATURE:1cxx_inline_namespaces
    Feature record: CXX_FEATURE:1cxx_lambdas
    Feature record: CXX_FEATURE:1cxx_lambda_init_captures
    Feature record: CXX_FEATURE:1cxx_local_type_template_args
    Feature record: CXX_FEATURE:1cxx_long_long_type
    Feature record: CXX_FEATURE:1cxx_noexcept
    Feature record: CXX_FEATURE:1cxx_nonstatic_member_init
    Feature record: CXX_FEATURE:1cxx_nullptr
    Feature record: CXX_FEATURE:1cxx_override
    Feature record: CXX_FEATURE:1cxx_range_for
    Feature record: CXX_FEATURE:1cxx_raw_string_literals
    Feature record: CXX_FEATURE:1cxx_reference_qualified_functions
    Feature record: CXX_FEATURE:1cxx_relaxed_constexpr
    Feature record: CXX_FEATURE:1cxx_return_type_deduction
    Feature record: CXX_FEATURE:1cxx_right_angle_brackets
    Feature record: CXX_FEATURE:1cxx_rvalue_references
    Feature record: CXX_FEATURE:1cxx_sizeof_member
    Feature record: CXX_FEATURE:1cxx_static_assert
    Feature record: CXX_FEATURE:1cxx_strong_enums
    Feature record: CXX_FEATURE:1cxx_template_template_parameters
    Feature record: CXX_FEATURE:1cxx_thread_local
    Feature record: CXX_FEATURE:1cxx_trailing_return_types
    Feature record: CXX_FEATURE:1cxx_unicode_literals
    Feature record: CXX_FEATURE:1cxx_uniform_initialization
    Feature record: CXX_FEATURE:1cxx_unrestricted_unions
    Feature record: CXX_FEATURE:1cxx_user_literals
    Feature record: CXX_FEATURE:1cxx_variable_templates
    Feature record: CXX_FEATURE:1cxx_variadic_macros
    Feature record: CXX_FEATURE:1cxx_variadic_templates


Detecting CXX [-std=c++14] compiler features compiled with the following output:
Change Dir: /root/thunder-trade-zpquant/CMakeFiles/CMakeTmp

Run Build Command:"/usr/bin/gmake" "cmTC_03065/fast"
/usr/bin/gmake -f CMakeFiles/cmTC_03065.dir/build.make CMakeFiles/cmTC_03065.dir/build
gmake[1]: Entering directory `/root/thunder-trade-zpquant/CMakeFiles/CMakeTmp'
Building CXX object CMakeFiles/cmTC_03065.dir/feature_tests.cxx.o
/opt/gcc720/bin/c++    -std=c++14 -o CMakeFiles/cmTC_03065.dir/feature_tests.cxx.o -c /root/thunder-trade-zpquant/CMakeFiles/feature_tests.cxx
Linking CXX executable cmTC_03065
/usr/local/bin/cmake -E cmake_link_script CMakeFiles/cmTC_03065.dir/link.txt --verbose=1
/opt/gcc720/bin/c++       -rdynamic CMakeFiles/cmTC_03065.dir/feature_tests.cxx.o  -o cmTC_03065 
gmake[1]: Leaving directory `/root/thunder-trade-zpquant/CMakeFiles/CMakeTmp'


    Feature record: CXX_FEATURE:1cxx_aggregate_default_initializers
    Feature record: CXX_FEATURE:1cxx_alias_templates
    Feature record: CXX_FEATURE:1cxx_alignas
    Feature record: CXX_FEATURE:1cxx_alignof
    Feature record: CXX_FEATURE:1cxx_attributes
    Feature record: CXX_FEATURE:1cxx_attribute_deprecated
    Feature record: CXX_FEATURE:1cxx_auto_type
    Feature record: CXX_FEATURE:1cxx_binary_literals
    Feature record: CXX_FEATURE:1cxx_constexpr
    Feature record: CXX_FEATURE:1cxx_contextual_conversions
    Feature record: CXX_FEATURE:1cxx_decltype
    Feature record: CXX_FEATURE:1cxx_decltype_auto
    Feature record: CXX_FEATURE:1cxx_decltype_incomplete_return_types
    Feature record: CXX_FEATURE:1cxx_default_function_template_args
    Feature record: CXX_FEATURE:1cxx_defaulted_functions
    Feature record: CXX_FEATURE:1cxx_defaulted_move_initializers
    Feature record: CXX_FEATURE:1cxx_delegating_constructors
    Feature record: CXX_FEATURE:1cxx_deleted_functions
    Feature record: CXX_FEATURE:1cxx_digit_separators
    Feature record: CXX_FEATURE:1cxx_enum_forward_declarations
    Feature record: CXX_FEATURE:1cxx_explicit_conversions
    Feature record: CXX_FEATURE:1cxx_extended_friend_declarations
    Feature record: CXX_FEATURE:1cxx_extern_templates
    Feature record: CXX_FEATURE:1cxx_final
    Feature record: CXX_FEATURE:1cxx_func_identifier
    Feature record: CXX_FEATURE:1cxx_generalized_initializers
    Feature record: CXX_FEATURE:1cxx_generic_lambdas
    Feature record: CXX_FEATURE:1cxx_inheriting_constructors
    Feature record: CXX_FEATURE:1cxx_inline_namespaces
    Feature record: CXX_FEATURE:1cxx_lambdas
    Feature record: CXX_FEATURE:1cxx_lambda_init_captures
    Feature record: CXX_FEATURE:1cxx_local_type_template_args
    Feature record: CXX_FEATURE:1cxx_long_long_type
    Feature record: CXX_FEATURE:1cxx_noexcept
    Feature record: CXX_FEATURE:1cxx_nonstatic_member_init
    Feature record: CXX_FEATURE:1cxx_nullptr
    Feature record: CXX_FEATURE:1cxx_override
    Feature record: CXX_FEATURE:1cxx_range_for
    Feature record: CXX_FEATURE:1cxx_raw_string_literals
    Feature record: CXX_FEATURE:1cxx_reference_qualified_functions
    Feature record: CXX_FEATURE:1cxx_relaxed_constexpr
    Feature record: CXX_FEATURE:1cxx_return_type_deduction
    Feature record: CXX_FEATURE:1cxx_right_angle_brackets
    Feature record: CXX_FEATURE:1cxx_rvalue_references
    Feature record: CXX_FEATURE:1cxx_sizeof_member
    Feature record: CXX_FEATURE:1cxx_static_assert
    Feature record: CXX_FEATURE:1cxx_strong_enums
    Feature record: CXX_FEATURE:1cxx_template_template_parameters
    Feature record: CXX_FEATURE:1cxx_thread_local
    Feature record: CXX_FEATURE:1cxx_trailing_return_types
    Feature record: CXX_FEATURE:1cxx_unicode_literals
    Feature record: CXX_FEATURE:1cxx_uniform_initialization
    Feature record: CXX_FEATURE:1cxx_unrestricted_unions
    Feature record: CXX_FEATURE:1cxx_user_literals
    Feature record: CXX_FEATURE:1cxx_variable_templates
    Feature record: CXX_FEATURE:1cxx_variadic_macros
    Feature record: CXX_FEATURE:1cxx_variadic_templates


Detecting CXX [-std=c++11] compiler features compiled with the following output:
Change Dir: /root/thunder-trade-zpquant/CMakeFiles/CMakeTmp

Run Build Command:"/usr/bin/gmake" "cmTC_9f6c7/fast"
/usr/bin/gmake -f CMakeFiles/cmTC_9f6c7.dir/build.make CMakeFiles/cmTC_9f6c7.dir/build
gmake[1]: Entering directory `/root/thunder-trade-zpquant/CMakeFiles/CMakeTmp'
Building CXX object CMakeFiles/cmTC_9f6c7.dir/feature_tests.cxx.o
/opt/gcc720/bin/c++    -std=c++11 -o CMakeFiles/cmTC_9f6c7.dir/feature_tests.cxx.o -c /root/thunder-trade-zpquant/CMakeFiles/feature_tests.cxx
Linking CXX executable cmTC_9f6c7
/usr/local/bin/cmake -E cmake_link_script CMakeFiles/cmTC_9f6c7.dir/link.txt --verbose=1
/opt/gcc720/bin/c++       -rdynamic CMakeFiles/cmTC_9f6c7.dir/feature_tests.cxx.o  -o cmTC_9f6c7 
gmake[1]: Leaving directory `/root/thunder-trade-zpquant/CMakeFiles/CMakeTmp'


    Feature record: CXX_FEATURE:0cxx_aggregate_default_initializers
    Feature record: CXX_FEATURE:1cxx_alias_templates
    Feature record: CXX_FEATURE:1cxx_alignas
    Feature record: CXX_FEATURE:1cxx_alignof
    Feature record: CXX_FEATURE:1cxx_attributes
    Feature record: CXX_FEATURE:0cxx_attribute_deprecated
    Feature record: CXX_FEATURE:1cxx_auto_type
    Feature record: CXX_FEATURE:0cxx_binary_literals
    Feature record: CXX_FEATURE:1cxx_constexpr
    Feature record: CXX_FEATURE:0cxx_contextual_conversions
    Feature record: CXX_FEATURE:1cxx_decltype
    Feature record: CXX_FEATURE:0cxx_decltype_auto
    Feature record: CXX_FEATURE:1cxx_decltype_incomplete_return_types
    Feature record: CXX_FEATURE:1cxx_default_function_template_args
    Feature record: CXX_FEATURE:1cxx_defaulted_functions
    Feature record: CXX_FEATURE:1cxx_defaulted_move_initializers
    Feature record: CXX_FEATURE:1cxx_delegating_constructors
    Feature record: CXX_FEATURE:1cxx_deleted_functions
    Feature record: CXX_FEATURE:0cxx_digit_separators
    Feature record: CXX_FEATURE:1cxx_enum_forward_declarations
    Feature record: CXX_FEATURE:1cxx_explicit_conversions
    Feature record: CXX_FEATURE:1cxx_extended_friend_declarations
    Feature record: CXX_FEATURE:1cxx_extern_templates
    Feature record: CXX_FEATURE:1cxx_final
    Feature record: CXX_FEATURE:1cxx_func_identifier
    Feature record: CXX_FEATURE:1cxx_generalized_initializers
    Feature record: CXX_FEATURE:0cxx_generic_lambdas
    Feature record: CXX_FEATURE:1cxx_inheriting_constructors
    Feature record: CXX_FEATURE:1cxx_inline_namespaces
    Feature record: CXX_FEATURE:1cxx_lambdas
    Feature record: CXX_FEATURE:0cxx_lambda_init_captures
    Feature record: CXX_FEATURE:1cxx_local_type_template_args
    Feature record: CXX_FEATURE:1cxx_long_long_type
    Feature record: CXX_FEATURE:1cxx_noexcept
    Feature record: CXX_FEATURE:1cxx_nonstatic_member_init
    Feature record: CXX_FEATURE:1cxx_nullptr
    Feature record: CXX_FEATURE:1cxx_override
    Feature record: CXX_FEATURE:1cxx_range_for
    Feature record: CXX_FEATURE:1cxx_raw_string_literals
    Feature record: CXX_FEATURE:1cxx_reference_qualified_functions
    Feature record: CXX_FEATURE:0cxx_relaxed_constexpr
    Feature record: CXX_FEATURE:0cxx_return_type_deduction
    Feature record: CXX_FEATURE:1cxx_right_angle_brackets
    Feature record: CXX_FEATURE:1cxx_rvalue_references
    Feature record: CXX_FEATURE:1cxx_sizeof_member
    Feature record: CXX_FEATURE:1cxx_static_assert
    Feature record: CXX_FEATURE:1cxx_strong_enums
    Feature record: CXX_FEATURE:1cxx_template_template_parameters
    Feature record: CXX_FEATURE:1cxx_thread_local
    Feature record: CXX_FEATURE:1cxx_trailing_return_types
    Feature record: CXX_FEATURE:1cxx_unicode_literals
    Feature record: CXX_FEATURE:1cxx_uniform_initialization
    Feature record: CXX_FEATURE:1cxx_unrestricted_unions
    Feature record: CXX_FEATURE:1cxx_user_literals
    Feature record: CXX_FEATURE:0cxx_variable_templates
    Feature record: CXX_FEATURE:1cxx_variadic_macros
    Feature record: CXX_FEATURE:1cxx_variadic_templates


Detecting CXX [-std=c++98] compiler features compiled with the following output:
Change Dir: /root/thunder-trade-zpquant/CMakeFiles/CMakeTmp

Run Build Command:"/usr/bin/gmake" "cmTC_fcf31/fast"
/usr/bin/gmake -f CMakeFiles/cmTC_fcf31.dir/build.make CMakeFiles/cmTC_fcf31.dir/build
gmake[1]: Entering directory `/root/thunder-trade-zpquant/CMakeFiles/CMakeTmp'
Building CXX object CMakeFiles/cmTC_fcf31.dir/feature_tests.cxx.o
/opt/gcc720/bin/c++    -std=c++98 -o CMakeFiles/cmTC_fcf31.dir/feature_tests.cxx.o -c /root/thunder-trade-zpquant/CMakeFiles/feature_tests.cxx
Linking CXX executable cmTC_fcf31
/usr/local/bin/cmake -E cmake_link_script CMakeFiles/cmTC_fcf31.dir/link.txt --verbose=1
/opt/gcc720/bin/c++       -rdynamic CMakeFiles/cmTC_fcf31.dir/feature_tests.cxx.o  -o cmTC_fcf31 
gmake[1]: Leaving directory `/root/thunder-trade-zpquant/CMakeFiles/CMakeTmp'


    Feature record: CXX_FEATURE:0cxx_aggregate_default_initializers
    Feature record: CXX_FEATURE:0cxx_alias_templates
    Feature record: CXX_FEATURE:0cxx_alignas
    Feature record: CXX_FEATURE:0cxx_alignof
    Feature record: CXX_FEATURE:0cxx_attributes
    Feature record: CXX_FEATURE:0cxx_attribute_deprecated
    Feature record: CXX_FEATURE:0cxx_auto_type
    Feature record: CXX_FEATURE:0cxx_binary_literals
    Feature record: CXX_FEATURE:0cxx_constexpr
    Feature record: CXX_FEATURE:0cxx_contextual_conversions
    Feature record: CXX_FEATURE:0cxx_decltype
    Feature record: CXX_FEATURE:0cxx_decltype_auto
    Feature record: CXX_FEATURE:0cxx_decltype_incomplete_return_types
    Feature record: CXX_FEATURE:0cxx_default_function_template_args
    Feature record: CXX_FEATURE:0cxx_defaulted_functions
    Feature record: CXX_FEATURE:0cxx_defaulted_move_initializers
    Feature record: CXX_FEATURE:0cxx_delegating_constructors
    Feature record: CXX_FEATURE:0cxx_deleted_functions
    Feature record: CXX_FEATURE:0cxx_digit_separators
    Feature record: CXX_FEATURE:0cxx_enum_forward_declarations
    Feature record: CXX_FEATURE:0cxx_explicit_conversions
    Feature record: CXX_FEATURE:0cxx_extended_friend_declarations
    Feature record: CXX_FEATURE:0cxx_extern_templates
    Feature record: CXX_FEATURE:0cxx_final
    Feature record: CXX_FEATURE:0cxx_func_identifier
    Feature record: CXX_FEATURE:0cxx_generalized_initializers
    Feature record: CXX_FEATURE:0cxx_generic_lambdas
    Feature record: CXX_FEATURE:0cxx_inheriting_constructors
    Feature record: CXX_FEATURE:0cxx_inline_namespaces
    Feature record: CXX_FEATURE:0cxx_lambdas
    Feature record: CXX_FEATURE:0cxx_lambda_init_captures
    Feature record: CXX_FEATURE:0cxx_local_type_template_args
    Feature record: CXX_FEATURE:0cxx_long_long_type
    Feature record: CXX_FEATURE:0cxx_noexcept
    Feature record: CXX_FEATURE:0cxx_nonstatic_member_init
    Feature record: CXX_FEATURE:0cxx_nullptr
    Feature record: CXX_FEATURE:0cxx_override
    Feature record: CXX_FEATURE:0cxx_range_for
    Feature record: CXX_FEATURE:0cxx_raw_string_literals
    Feature record: CXX_FEATURE:0cxx_reference_qualified_functions
    Feature record: CXX_FEATURE:0cxx_relaxed_constexpr
    Feature record: CXX_FEATURE:0cxx_return_type_deduction
    Feature record: CXX_FEATURE:0cxx_right_angle_brackets
    Feature record: CXX_FEATURE:0cxx_rvalue_references
    Feature record: CXX_FEATURE:0cxx_sizeof_member
    Feature record: CXX_FEATURE:0cxx_static_assert
    Feature record: CXX_FEATURE:0cxx_strong_enums
    Feature record: CXX_FEATURE:1cxx_template_template_parameters
    Feature record: CXX_FEATURE:0cxx_thread_local
    Feature record: CXX_FEATURE:0cxx_trailing_return_types
    Feature record: CXX_FEATURE:0cxx_unicode_literals
    Feature record: CXX_FEATURE:0cxx_uniform_initialization
    Feature record: CXX_FEATURE:0cxx_unrestricted_unions
    Feature record: CXX_FEATURE:0cxx_user_literals
    Feature record: CXX_FEATURE:0cxx_variable_templates
    Feature record: CXX_FEATURE:0cxx_variadic_macros
    Feature record: CXX_FEATURE:0cxx_variadic_templates
Determining if the include file pthread.h exists passed with the following output:
Change Dir: /root/thunder-trade-zpquant/CMakeFiles/CMakeTmp

Run Build Command:"/usr/bin/gmake" "cmTC_2e020/fast"
/usr/bin/gmake -f CMakeFiles/cmTC_2e020.dir/build.make CMakeFiles/cmTC_2e020.dir/build
gmake[1]: Entering directory `/root/thunder-trade-zpquant/CMakeFiles/CMakeTmp'
Building C object CMakeFiles/cmTC_2e020.dir/CheckIncludeFile.c.o
/opt/gcc720/bin/cc   -g    -o CMakeFiles/cmTC_2e020.dir/CheckIncludeFile.c.o   -c /root/thunder-trade-zpquant/CMakeFiles/CMakeTmp/CheckIncludeFile.c
Linking C executable cmTC_2e020
/usr/local/bin/cmake -E cmake_link_script CMakeFiles/cmTC_2e020.dir/link.txt --verbose=1
/opt/gcc720/bin/cc  -g     -rdynamic CMakeFiles/cmTC_2e020.dir/CheckIncludeFile.c.o  -o cmTC_2e020 
gmake[1]: Leaving directory `/root/thunder-trade-zpquant/CMakeFiles/CMakeTmp'


Determining if the function pthread_create exists in the pthread passed with the following output:
Change Dir: /root/thunder-trade-zpquant/CMakeFiles/CMakeTmp

Run Build Command:"/usr/bin/gmake" "cmTC_f450f/fast"
/usr/bin/gmake -f CMakeFiles/cmTC_f450f.dir/build.make CMakeFiles/cmTC_f450f.dir/build
gmake[1]: Entering directory `/root/thunder-trade-zpquant/CMakeFiles/CMakeTmp'
Building C object CMakeFiles/cmTC_f450f.dir/CheckFunctionExists.c.o
/opt/gcc720/bin/cc   -g -DCHECK_FUNCTION_EXISTS=pthread_create   -o CMakeFiles/cmTC_f450f.dir/CheckFunctionExists.c.o   -c /usr/local/share/cmake-3.10/Modules/CheckFunctionExists.c
Linking C executable cmTC_f450f
/usr/local/bin/cmake -E cmake_link_script CMakeFiles/cmTC_f450f.dir/link.txt --verbose=1
/opt/gcc720/bin/cc  -g -DCHECK_FUNCTION_EXISTS=pthread_create    -rdynamic CMakeFiles/cmTC_f450f.dir/CheckFunctionExists.c.o  -o cmTC_f450f -lpthread 
gmake[1]: Leaving directory `/root/thunder-trade-zpquant/CMakeFiles/CMakeTmp'


